# JRE version: OpenJDK Runtime Environment (Zulu 8.52.0.23-CA-win64) (8.0_282-b08) (build 1.8.0_282-b08)
# Java VM: OpenJDK 64-Bit Server VM (25.282-b08 mixed mode windows-amd64 compressed oops)
Heap:
 PSYoungGen      total 102400K, used 9998K [0x00000000d5580000, 0x00000000dbd80000, 0x0000000100000000)
  eden space 98304K, 6% used [0x00000000d5580000,0x00000000d5b47968,0x00000000db580000)
  from space 4096K, 99% used [0x00000000db980000,0x00000000dbd7c010,0x00000000dbd80000)
  to   space 4096K, 0% used [0x00000000db580000,0x00000000db580000,0x00000000db980000)
 ParOldGen       total 49152K, used 12875K [0x0000000080000000, 0x0000000083000000, 0x00000000d5580000)
  object space 49152K, 26% used [0x0000000080000000,0x0000000080c92e20,0x0000000083000000)
 Metaspace       used 22799K, capacity 23248K, committed 23424K, reserved 1071104K
  class space    used 2460K, capacity 2612K, committed 2688K, reserved 1048576K
GC Heap History (10 events):
Event: 12.606 GC heap before
{Heap before GC invocations=5 (full 0):
 PSYoungGen      total 102400K, used 102370K [0x00000000d5580000, 0x00000000dbd80000, 0x0000000100000000)
  eden space 98304K, 100% used [0x00000000d5580000,0x00000000db580000,0x00000000db580000)
  from space 4096K, 99% used [0x00000000db980000,0x00000000dbd78a78,0x00000000dbd80000)
  to   space 4096K, 0% used [0x00000000db580000,0x00000000db580000,0x00000000db980000)
 ParOldGen       total 65536K, used 3387K [0x0000000080000000, 0x0000000084000000, 0x00000000d5580000)
  object space 65536K, 5% used [0x0000000080000000,0x000000008034ec68,0x0000000084000000)
 Metaspace       used 19996K, capacity 20280K, committed 20608K, reserved 1067008K
  class space    used 2197K, capacity 2312K, committed 2432K, reserved 1048576K
Event: 12.618 GC heap after
Heap after GC invocations=5 (full 0):
 PSYoungGen      total 102400K, used 4093K [0x00000000d5580000, 0x00000000dbd80000, 0x0000000100000000)
  eden space 98304K, 0% used [0x00000000d5580000,0x00000000d5580000,0x00000000db580000)
  from space 4096K, 99% used [0x00000000db580000,0x00000000db97f438,0x00000000db980000)
  to   space 4096K, 0% used [0x00000000db980000,0x00000000db980000,0x00000000dbd80000)
 ParOldGen       total 65536K, used 9308K [0x0000000080000000, 0x0000000084000000, 0x00000000d5580000)
  object space 65536K, 14% used [0x0000000080000000,0x0000000080917000,0x0000000084000000)
 Metaspace       used 19996K, capacity 20280K, committed 20608K, reserved 1067008K
  class space    used 2197K, capacity 2312K, committed 2432K, reserved 1048576K
}
Event: 13.330 GC heap before
{Heap before GC invocations=6 (full 0):
 PSYoungGen      total 102400K, used 25563K [0x00000000d5580000, 0x00000000dbd80000, 0x0000000100000000)
  eden space 98304K, 21% used [0x00000000d5580000,0x00000000d6a778d0,0x00000000db580000)
  from space 4096K, 99% used [0x00000000db580000,0x00000000db97f438,0x00000000db980000)
  to   space 4096K, 0% used [0x00000000db980000,0x00000000db980000,0x00000000dbd80000)
 ParOldGen       total 65536K, used 9308K [0x0000000080000000, 0x0000000084000000, 0x00000000d5580000)
  object space 65536K, 14% used [0x0000000080000000,0x0000000080917000,0x0000000084000000)
 Metaspace       used 20795K, capacity 21116K, committed 21296K, reserved 1069056K
  class space    used 2292K, capacity 2394K, committed 2432K, reserved 1048576K
Event: 13.364 GC heap after
Heap after GC invocations=6 (full 0):
 PSYoungGen      total 102400K, used 4077K [0x00000000d5580000, 0x00000000dbd80000, 0x0000000100000000)
  eden space 98304K, 0% used [0x00000000d5580000,0x00000000d5580000,0x00000000db580000)
  from space 4096K, 99% used [0x00000000db980000,0x00000000dbd7b448,0x00000000dbd80000)
  to   space 4096K, 0% used [0x00000000db580000,0x00000000db580000,0x00000000db980000)
 ParOldGen       total 65536K, used 10496K [0x0000000080000000, 0x0000000084000000, 0x00000000d5580000)
  object space 65536K, 16% used [0x0000000080000000,0x0000000080a40050,0x0000000084000000)
 Metaspace       used 20795K, capacity 21116K, committed 21296K, reserved 1069056K
  class space    used 2292K, capacity 2394K, committed 2432K, reserved 1048576K
}
Event: 13.364 GC heap before
{Heap before GC invocations=7 (full 1):
 PSYoungGen      total 102400K, used 4077K [0x00000000d5580000, 0x00000000dbd80000, 0x0000000100000000)
  eden space 98304K, 0% used [0x00000000d5580000,0x00000000d5580000,0x00000000db580000)
  from space 4096K, 99% used [0x00000000db980000,0x00000000dbd7b448,0x00000000dbd80000)
  to   space 4096K, 0% used [0x00000000db580000,0x00000000db580000,0x00000000db980000)
 ParOldGen       total 65536K, used 10496K [0x0000000080000000, 0x0000000084000000, 0x00000000d5580000)
  object space 65536K, 16% used [0x0000000080000000,0x0000000080a40050,0x0000000084000000)
 Metaspace       used 20795K, capacity 21116K, committed 21296K, reserved 1069056K
  class space    used 2292K, capacity 2394K, committed 2432K, reserved 1048576K
Event: 13.470 GC heap after
Heap after GC invocations=7 (full 1):
 PSYoungGen      total 102400K, used 0K [0x00000000d5580000, 0x00000000dbd80000, 0x0000000100000000)
  eden space 98304K, 0% used [0x00000000d5580000,0x00000000d5580000,0x00000000db580000)
  from space 4096K, 0% used [0x00000000db980000,0x00000000db980000,0x00000000dbd80000)
  to   space 4096K, 0% used [0x00000000db580000,0x00000000db580000,0x00000000db980000)
 ParOldGen       total 49152K, used 11862K [0x0000000080000000, 0x0000000083000000, 0x00000000d5580000)
  object space 49152K, 24% used [0x0000000080000000,0x0000000080b95b18,0x0000000083000000)
 Metaspace       used 20795K, capacity 21116K, committed 21296K, reserved 1069056K
  class space    used 2292K, capacity 2394K, committed 2432K, reserved 1048576K
}
Event: 18.935 GC heap before
{Heap before GC invocations=8 (full 1):
 PSYoungGen      total 102400K, used 98304K [0x00000000d5580000, 0x00000000dbd80000, 0x0000000100000000)
  eden space 98304K, 100% used [0x00000000d5580000,0x00000000db580000,0x00000000db580000)
  from space 4096K, 0% used [0x00000000db980000,0x00000000db980000,0x00000000dbd80000)
  to   space 4096K, 0% used [0x00000000db580000,0x00000000db580000,0x00000000db980000)
 ParOldGen       total 49152K, used 11862K [0x0000000080000000, 0x0000000083000000, 0x00000000d5580000)
  object space 49152K, 24% used [0x0000000080000000,0x0000000080b95b18,0x0000000083000000)
 Metaspace       used 22131K, capacity 22474K, committed 22704K, reserved 1069056K
  class space    used 2426K, capacity 2546K, committed 2560K, reserved 1048576K
Event: 18.939 GC heap after
Heap after GC invocations=8 (full 1):
 PSYoungGen      total 102400K, used 2841K [0x00000000d5580000, 0x00000000dbd80000, 0x0000000100000000)
  eden space 98304K, 0% used [0x00000000d5580000,0x00000000d5580000,0x00000000db580000)
  from space 4096K, 69% used [0x00000000db580000,0x00000000db846460,0x00000000db980000)
  to   space 4096K, 0% used [0x00000000db980000,0x00000000db980000,0x00000000dbd80000)
 ParOldGen       total 49152K, used 11870K [0x0000000080000000, 0x0000000083000000, 0x00000000d5580000)
  object space 49152K, 24% used [0x0000000080000000,0x0000000080b97b18,0x0000000083000000)
 Metaspace       used 22131K, capacity 22474K, committed 22704K, reserved 1069056K
  class space    used 2426K, capacity 2546K, committed 2560K, reserved 1048576K
}
Event: 20.214 GC heap before
{Heap before GC invocations=9 (full 1):
 PSYoungGen      total 102400K, used 101145K [0x00000000d5580000, 0x00000000dbd80000, 0x0000000100000000)
  eden space 98304K, 100% used [0x00000000d5580000,0x00000000db580000,0x00000000db580000)
  from space 4096K, 69% used [0x00000000db580000,0x00000000db846460,0x00000000db980000)
  to   space 4096K, 0% used [0x00000000db980000,0x00000000db980000,0x00000000dbd80000)
 ParOldGen       total 49152K, used 11870K [0x0000000080000000, 0x0000000083000000, 0x00000000d5580000)
  object space 49152K, 24% used [0x0000000080000000,0x0000000080b97b18,0x0000000083000000)
 Metaspace       used 22570K, capacity 22890K, committed 23088K, reserved 1069056K
  class space    used 2453K, capacity 2578K, committed 2688K, reserved 1048576K
Event: 20.221 GC heap after
Heap after GC invocations=9 (full 1):
 PSYoungGen      total 102400K, used 4080K [0x00000000d5580000, 0x00000000dbd80000, 0x0000000100000000)
  eden space 98304K, 0% used [0x00000000d5580000,0x00000000d5580000,0x00000000db580000)
  from space 4096K, 99% used [0x00000000db980000,0x00000000dbd7c010,0x00000000dbd80000)
  to   space 4096K, 0% used [0x00000000db580000,0x00000000db580000,0x00000000db980000)
 ParOldGen       total 49152K, used 12875K [0x0000000080000000, 0x0000000083000000, 0x00000000d5580000)
  object space 49152K, 26% used [0x0000000080000000,0x0000000080c92e20,0x0000000083000000)
 Metaspace       used 22570K, capacity 22890K, committed 23088K, reserved 1069056K
  class space    used 2453K, capacity 2578K, committed 2688K, reserved 1048576K
}

