# JRE version: OpenJDK Runtime Environment (Zulu 8.52.0.23-CA-win64) (8.0_282-b08) (build 1.8.0_282-b08)
# Java VM: OpenJDK 64-Bit Server VM (25.282-b08 mixed mode windows-amd64 compressed oops)
Heap:
 PSYoungGen      total 154624K, used 143965K [0x00000000d5580000, 0x00000000e0a80000, 0x0000000100000000)
  eden space 147968K, 94% used [0x00000000d5580000,0x00000000ddd75270,0x00000000de600000)
  from space 6656K, 71% used [0x00000000de600000,0x00000000deaa23e8,0x00000000dec80000)
  to   space 6656K, 0% used [0x00000000e0400000,0x00000000e0400000,0x00000000e0a80000)
 ParOldGen       total 45056K, used 11141K [0x0000000080000000, 0x0000000082c00000, 0x00000000d5580000)
  object space 45056K, 24% used [0x0000000080000000,0x0000000080ae17f0,0x0000000082c00000)
 Metaspace       used 30814K, capacity 31742K, committed 31872K, reserved 1077248K
  class space    used 3640K, capacity 3869K, committed 3968K, reserved 1048576K
GC Heap History (10 events):
Event: 8.663 GC heap before
{Heap before GC invocations=8 (full 0):
 PSYoungGen      total 54272K, used 53122K [0x00000000d5580000, 0x00000000dbf80000, 0x0000000100000000)
  eden space 47616K, 100% used [0x00000000d5580000,0x00000000d8400000,0x00000000d8400000)
  from space 6656K, 82% used [0x00000000d8400000,0x00000000d8960878,0x00000000d8a80000)
  to   space 6656K, 0% used [0x00000000db900000,0x00000000db900000,0x00000000dbf80000)
 ParOldGen       total 65536K, used 4549K [0x0000000080000000, 0x0000000084000000, 0x00000000d5580000)
  object space 65536K, 6% used [0x0000000080000000,0x0000000080471428,0x0000000084000000)
 Metaspace       used 19861K, capacity 20152K, committed 20608K, reserved 1067008K
  class space    used 2199K, capacity 2312K, committed 2432K, reserved 1048576K
Event: 8.673 GC heap after
Heap after GC invocations=8 (full 0):
 PSYoungGen      total 101376K, used 5548K [0x00000000d5580000, 0x00000000dc080000, 0x0000000100000000)
  eden space 94720K, 0% used [0x00000000d5580000,0x00000000d5580000,0x00000000db200000)
  from space 6656K, 83% used [0x00000000db900000,0x00000000dbe6b000,0x00000000dbf80000)
  to   space 7168K, 0% used [0x00000000db200000,0x00000000db200000,0x00000000db900000)
 ParOldGen       total 65536K, used 5849K [0x0000000080000000, 0x0000000084000000, 0x00000000d5580000)
  object space 65536K, 8% used [0x0000000080000000,0x00000000805b64c0,0x0000000084000000)
 Metaspace       used 19861K, capacity 20152K, committed 20608K, reserved 1067008K
  class space    used 2199K, capacity 2312K, committed 2432K, reserved 1048576K
}
Event: 9.449 GC heap before
{Heap before GC invocations=9 (full 0):
 PSYoungGen      total 101376K, used 30083K [0x00000000d5580000, 0x00000000dc080000, 0x0000000100000000)
  eden space 94720K, 25% used [0x00000000d5580000,0x00000000d6d75dd0,0x00000000db200000)
  from space 6656K, 83% used [0x00000000db900000,0x00000000dbe6b000,0x00000000dbf80000)
  to   space 7168K, 0% used [0x00000000db200000,0x00000000db200000,0x00000000db900000)
 ParOldGen       total 65536K, used 5849K [0x0000000080000000, 0x0000000084000000, 0x00000000d5580000)
  object space 65536K, 8% used [0x0000000080000000,0x00000000805b64c0,0x0000000084000000)
 Metaspace       used 20746K, capacity 21086K, committed 21296K, reserved 1069056K
  class space    used 2306K, capacity 2427K, committed 2432K, reserved 1048576K
Event: 9.467 GC heap after
Heap after GC invocations=9 (full 0):
 PSYoungGen      total 101888K, used 4488K [0x00000000d5580000, 0x00000000df680000, 0x0000000100000000)
  eden space 94720K, 0% used [0x00000000d5580000,0x00000000d5580000,0x00000000db200000)
  from space 7168K, 62% used [0x00000000db200000,0x00000000db662070,0x00000000db900000)
  to   space 6656K, 0% used [0x00000000df000000,0x00000000df000000,0x00000000df680000)
 ParOldGen       total 65536K, used 6453K [0x0000000080000000, 0x0000000084000000, 0x00000000d5580000)
  object space 65536K, 9% used [0x0000000080000000,0x000000008064d4d0,0x0000000084000000)
 Metaspace       used 20746K, capacity 21086K, committed 21296K, reserved 1069056K
  class space    used 2306K, capacity 2427K, committed 2432K, reserved 1048576K
}
Event: 9.467 GC heap before
{Heap before GC invocations=10 (full 1):
 PSYoungGen      total 101888K, used 4488K [0x00000000d5580000, 0x00000000df680000, 0x0000000100000000)
  eden space 94720K, 0% used [0x00000000d5580000,0x00000000d5580000,0x00000000db200000)
  from space 7168K, 62% used [0x00000000db200000,0x00000000db662070,0x00000000db900000)
  to   space 6656K, 0% used [0x00000000df000000,0x00000000df000000,0x00000000df680000)
 ParOldGen       total 65536K, used 6453K [0x0000000080000000, 0x0000000084000000, 0x00000000d5580000)
  object space 65536K, 9% used [0x0000000080000000,0x000000008064d4d0,0x0000000084000000)
 Metaspace       used 20746K, capacity 21086K, committed 21296K, reserved 1069056K
  class space    used 2306K, capacity 2427K, committed 2432K, reserved 1048576K
Event: 9.562 GC heap after
Heap after GC invocations=10 (full 1):
 PSYoungGen      total 101888K, used 0K [0x00000000d5580000, 0x00000000df680000, 0x0000000100000000)
  eden space 94720K, 0% used [0x00000000d5580000,0x00000000d5580000,0x00000000db200000)
  from space 7168K, 0% used [0x00000000db200000,0x00000000db200000,0x00000000db900000)
  to   space 6656K, 0% used [0x00000000df000000,0x00000000df000000,0x00000000df680000)
 ParOldGen       total 45056K, used 8823K [0x0000000080000000, 0x0000000082c00000, 0x00000000d5580000)
  object space 45056K, 19% used [0x0000000080000000,0x000000008089df38,0x0000000082c00000)
 Metaspace       used 20746K, capacity 21086K, committed 21296K, reserved 1069056K
  class space    used 2306K, capacity 2427K, committed 2432K, reserved 1048576K
}
Event: 14.680 GC heap before
{Heap before GC invocations=11 (full 1):
 PSYoungGen      total 101888K, used 94720K [0x00000000d5580000, 0x00000000df680000, 0x0000000100000000)
  eden space 94720K, 100% used [0x00000000d5580000,0x00000000db200000,0x00000000db200000)
  from space 7168K, 0% used [0x00000000db200000,0x00000000db200000,0x00000000db900000)
  to   space 6656K, 0% used [0x00000000df000000,0x00000000df000000,0x00000000df680000)
 ParOldGen       total 45056K, used 8823K [0x0000000080000000, 0x0000000082c00000, 0x00000000d5580000)
  object space 45056K, 19% used [0x0000000080000000,0x000000008089df38,0x0000000082c00000)
 Metaspace       used 22108K, capacity 22474K, committed 22704K, reserved 1069056K
  class space    used 2428K, capacity 2546K, committed 2560K, reserved 1048576K
Event: 14.690 GC heap after
Heap after GC invocations=11 (full 1):
 PSYoungGen      total 130048K, used 2761K [0x00000000d5580000, 0x00000000df300000, 0x0000000100000000)
  eden space 126976K, 0% used [0x00000000d5580000,0x00000000d5580000,0x00000000dd180000)
  from space 3072K, 89% used [0x00000000df000000,0x00000000df2b2450,0x00000000df300000)
  to   space 6656K, 0% used [0x00000000de600000,0x00000000de600000,0x00000000dec80000)
 ParOldGen       total 45056K, used 8831K [0x0000000080000000, 0x0000000082c00000, 0x00000000d5580000)
  object space 45056K, 19% used [0x0000000080000000,0x000000008089ff38,0x0000000082c00000)
 Metaspace       used 22108K, capacity 22474K, committed 22704K, reserved 1069056K
  class space    used 2428K, capacity 2546K, committed 2560K, reserved 1048576K
}
Event: 16.463 GC heap before
{Heap before GC invocations=12 (full 1):
 PSYoungGen      total 130048K, used 129737K [0x00000000d5580000, 0x00000000df300000, 0x0000000100000000)
  eden space 126976K, 100% used [0x00000000d5580000,0x00000000dd180000,0x00000000dd180000)
  from space 3072K, 89% used [0x00000000df000000,0x00000000df2b2450,0x00000000df300000)
  to   space 6656K, 0% used [0x00000000de600000,0x00000000de600000,0x00000000dec80000)
 ParOldGen       total 45056K, used 8831K [0x0000000080000000, 0x0000000082c00000, 0x00000000d5580000)
  object space 45056K, 19% used [0x0000000080000000,0x000000008089ff38,0x0000000082c00000)
 Metaspace       used 23172K, capacity 23586K, committed 23936K, reserved 1071104K
  class space    used 2533K, capacity 2682K, committed 2688K, reserved 1048576K
Event: 16.496 GC heap after
Heap after GC invocations=12 (full 1):
 PSYoungGen      total 154624K, used 4744K [0x00000000d5580000, 0x00000000e0a80000, 0x0000000100000000)
  eden space 147968K, 0% used [0x00000000d5580000,0x00000000d5580000,0x00000000de600000)
  from space 6656K, 71% used [0x00000000de600000,0x00000000deaa23e8,0x00000000dec80000)
  to   space 6656K, 0% used [0x00000000e0400000,0x00000000e0400000,0x00000000e0a80000)
 ParOldGen       total 45056K, used 11141K [0x0000000080000000, 0x0000000082c00000, 0x00000000d5580000)
  object space 45056K, 24% used [0x0000000080000000,0x0000000080ae17f0,0x0000000082c00000)
 Metaspace       used 23172K, capacity 23586K, committed 23936K, reserved 1071104K
  class space    used 2533K, capacity 2682K, committed 2688K, reserved 1048576K
}

