# JRE version: OpenJDK Runtime Environment (Zulu 8.52.0.23-CA-win64) (8.0_282-b08) (build 1.8.0_282-b08)
# Java VM: OpenJDK 64-Bit Server VM (25.282-b08 mixed mode windows-amd64 compressed oops)
Heap:
 PSYoungGen      total 155648K, used 110220K [0x00000000d5580000, 0x00000000e0900000, 0x0000000100000000)
  eden space 148992K, 70% used [0x00000000d5580000,0x00000000dbc70cd8,0x00000000de700000)
  from space 6656K, 72% used [0x00000000de700000,0x00000000debb24b0,0x00000000ded80000)
  to   space 6656K, 0% used [0x00000000e0280000,0x00000000e0280000,0x00000000e0900000)
 ParOldGen       total 45568K, used 11226K [0x0000000080000000, 0x0000000082c80000, 0x00000000d5580000)
  object space 45568K, 24% used [0x0000000080000000,0x0000000080af6958,0x0000000082c80000)
 Metaspace       used 30119K, capacity 31002K, committed 31232K, reserved 1077248K
  class space    used 3547K, capacity 3780K, committed 3840K, reserved 1048576K
GC Heap History (10 events):
Event: 3.927 GC heap before
{Heap before GC invocations=8 (full 0):
 PSYoungGen      total 54272K, used 52814K [0x00000000d5580000, 0x00000000dbf80000, 0x0000000100000000)
  eden space 47616K, 100% used [0x00000000d5580000,0x00000000d8400000,0x00000000d8400000)
  from space 6656K, 78% used [0x00000000d8400000,0x00000000d8913808,0x00000000d8a80000)
  to   space 6656K, 0% used [0x00000000db900000,0x00000000db900000,0x00000000dbf80000)
 ParOldGen       total 65536K, used 4918K [0x0000000080000000, 0x0000000084000000, 0x00000000d5580000)
  object space 65536K, 7% used [0x0000000080000000,0x00000000804cd828,0x0000000084000000)
 Metaspace       used 19856K, capacity 20152K, committed 20608K, reserved 1067008K
  class space    used 2201K, capacity 2312K, committed 2432K, reserved 1048576K
Event: 3.933 GC heap after
Heap after GC invocations=8 (full 0):
 PSYoungGen      total 101888K, used 5471K [0x00000000d5580000, 0x00000000dbf80000, 0x0000000100000000)
  eden space 95232K, 0% used [0x00000000d5580000,0x00000000d5580000,0x00000000db280000)
  from space 6656K, 82% used [0x00000000db900000,0x00000000dbe57cf0,0x00000000dbf80000)
  to   space 6656K, 0% used [0x00000000db280000,0x00000000db280000,0x00000000db900000)
 ParOldGen       total 65536K, used 6030K [0x0000000080000000, 0x0000000084000000, 0x00000000d5580000)
  object space 65536K, 9% used [0x0000000080000000,0x00000000805e3828,0x0000000084000000)
 Metaspace       used 19856K, capacity 20152K, committed 20608K, reserved 1067008K
  class space    used 2201K, capacity 2312K, committed 2432K, reserved 1048576K
}
Event: 4.287 GC heap before
{Heap before GC invocations=9 (full 0):
 PSYoungGen      total 101888K, used 30112K [0x00000000d5580000, 0x00000000dbf80000, 0x0000000100000000)
  eden space 95232K, 25% used [0x00000000d5580000,0x00000000d6d90368,0x00000000db280000)
  from space 6656K, 82% used [0x00000000db900000,0x00000000dbe57cf0,0x00000000dbf80000)
  to   space 6656K, 0% used [0x00000000db280000,0x00000000db280000,0x00000000db900000)
 ParOldGen       total 65536K, used 6030K [0x0000000080000000, 0x0000000084000000, 0x00000000d5580000)
  object space 65536K, 9% used [0x0000000080000000,0x00000000805e3828,0x0000000084000000)
 Metaspace       used 20800K, capacity 21086K, committed 21296K, reserved 1069056K
  class space    used 2310K, capacity 2427K, committed 2432K, reserved 1048576K
Event: 4.298 GC heap after
Heap after GC invocations=9 (full 0):
 PSYoungGen      total 101888K, used 4540K [0x00000000d5580000, 0x00000000df780000, 0x0000000100000000)
  eden space 95232K, 0% used [0x00000000d5580000,0x00000000d5580000,0x00000000db280000)
  from space 6656K, 68% used [0x00000000db280000,0x00000000db6ef040,0x00000000db900000)
  to   space 6656K, 0% used [0x00000000df100000,0x00000000df100000,0x00000000df780000)
 ParOldGen       total 65536K, used 6514K [0x0000000080000000, 0x0000000084000000, 0x00000000d5580000)
  object space 65536K, 9% used [0x0000000080000000,0x000000008065c838,0x0000000084000000)
 Metaspace       used 20800K, capacity 21086K, committed 21296K, reserved 1069056K
  class space    used 2310K, capacity 2427K, committed 2432K, reserved 1048576K
}
Event: 4.298 GC heap before
{Heap before GC invocations=10 (full 1):
 PSYoungGen      total 101888K, used 4540K [0x00000000d5580000, 0x00000000df780000, 0x0000000100000000)
  eden space 95232K, 0% used [0x00000000d5580000,0x00000000d5580000,0x00000000db280000)
  from space 6656K, 68% used [0x00000000db280000,0x00000000db6ef040,0x00000000db900000)
  to   space 6656K, 0% used [0x00000000df100000,0x00000000df100000,0x00000000df780000)
 ParOldGen       total 65536K, used 6514K [0x0000000080000000, 0x0000000084000000, 0x00000000d5580000)
  object space 65536K, 9% used [0x0000000080000000,0x000000008065c838,0x0000000084000000)
 Metaspace       used 20800K, capacity 21086K, committed 21296K, reserved 1069056K
  class space    used 2310K, capacity 2427K, committed 2432K, reserved 1048576K
Event: 4.350 GC heap after
Heap after GC invocations=10 (full 1):
 PSYoungGen      total 101888K, used 0K [0x00000000d5580000, 0x00000000df780000, 0x0000000100000000)
  eden space 95232K, 0% used [0x00000000d5580000,0x00000000d5580000,0x00000000db280000)
  from space 6656K, 0% used [0x00000000db280000,0x00000000db280000,0x00000000db900000)
  to   space 6656K, 0% used [0x00000000df100000,0x00000000df100000,0x00000000df780000)
 ParOldGen       total 45568K, used 8916K [0x0000000080000000, 0x0000000082c80000, 0x00000000d5580000)
  object space 45568K, 19% used [0x0000000080000000,0x00000000808b5028,0x0000000082c80000)
 Metaspace       used 20800K, capacity 21086K, committed 21296K, reserved 1069056K
  class space    used 2310K, capacity 2427K, committed 2432K, reserved 1048576K
}
Event: 5.855 GC heap before
{Heap before GC invocations=11 (full 1):
 PSYoungGen      total 101888K, used 95232K [0x00000000d5580000, 0x00000000df780000, 0x0000000100000000)
  eden space 95232K, 100% used [0x00000000d5580000,0x00000000db280000,0x00000000db280000)
  from space 6656K, 0% used [0x00000000db280000,0x00000000db280000,0x00000000db900000)
  to   space 6656K, 0% used [0x00000000df100000,0x00000000df100000,0x00000000df780000)
 ParOldGen       total 45568K, used 8916K [0x0000000080000000, 0x0000000082c80000, 0x00000000d5580000)
  object space 45568K, 19% used [0x0000000080000000,0x00000000808b5028,0x0000000082c80000)
 Metaspace       used 22211K, capacity 22602K, committed 22960K, reserved 1069056K
  class space    used 2432K, capacity 2546K, committed 2560K, reserved 1048576K
Event: 5.861 GC heap after
Heap after GC invocations=11 (full 1):
 PSYoungGen      total 130560K, used 2753K [0x00000000d5580000, 0x00000000df400000, 0x0000000100000000)
  eden space 127488K, 0% used [0x00000000d5580000,0x00000000d5580000,0x00000000dd200000)
  from space 3072K, 89% used [0x00000000df100000,0x00000000df3b05a8,0x00000000df400000)
  to   space 6656K, 0% used [0x00000000de700000,0x00000000de700000,0x00000000ded80000)
 ParOldGen       total 45568K, used 8924K [0x0000000080000000, 0x0000000082c80000, 0x00000000d5580000)
  object space 45568K, 19% used [0x0000000080000000,0x00000000808b7028,0x0000000082c80000)
 Metaspace       used 22211K, capacity 22602K, committed 22960K, reserved 1069056K
  class space    used 2432K, capacity 2546K, committed 2560K, reserved 1048576K
}
Event: 6.937 GC heap before
{Heap before GC invocations=12 (full 1):
 PSYoungGen      total 130560K, used 130241K [0x00000000d5580000, 0x00000000df400000, 0x0000000100000000)
  eden space 127488K, 100% used [0x00000000d5580000,0x00000000dd200000,0x00000000dd200000)
  from space 3072K, 89% used [0x00000000df100000,0x00000000df3b05a8,0x00000000df400000)
  to   space 6656K, 0% used [0x00000000de700000,0x00000000de700000,0x00000000ded80000)
 ParOldGen       total 45568K, used 8924K [0x0000000080000000, 0x0000000082c80000, 0x00000000d5580000)
  object space 45568K, 19% used [0x0000000080000000,0x00000000808b7028,0x0000000082c80000)
 Metaspace       used 23366K, capacity 23778K, committed 23936K, reserved 1071104K
  class space    used 2558K, capacity 2682K, committed 2688K, reserved 1048576K
Event: 6.955 GC heap after
Heap after GC invocations=12 (full 1):
 PSYoungGen      total 155648K, used 4809K [0x00000000d5580000, 0x00000000e0900000, 0x0000000100000000)
  eden space 148992K, 0% used [0x00000000d5580000,0x00000000d5580000,0x00000000de700000)
  from space 6656K, 72% used [0x00000000de700000,0x00000000debb24b0,0x00000000ded80000)
  to   space 6656K, 0% used [0x00000000e0280000,0x00000000e0280000,0x00000000e0900000)
 ParOldGen       total 45568K, used 11226K [0x0000000080000000, 0x0000000082c80000, 0x00000000d5580000)
  object space 45568K, 24% used [0x0000000080000000,0x0000000080af6958,0x0000000082c80000)
 Metaspace       used 23366K, capacity 23778K, committed 23936K, reserved 1071104K
  class space    used 2558K, capacity 2682K, committed 2688K, reserved 1048576K
}

