# JRE version: OpenJDK Runtime Environment (Zulu 8.52.0.23-CA-win64) (8.0_282-b08) (build 1.8.0_282-b08)
# Java VM: OpenJDK 64-Bit Server VM (25.282-b08 mixed mode windows-amd64 compressed oops)
Heap:
 PSYoungGen      total 184320K, used 100600K [0x00000000d5580000, 0x00000000e1c80000, 0x0000000100000000)
  eden space 176128K, 52% used [0x00000000d5580000,0x00000000db00bef8,0x00000000e0180000)
  from space 8192K, 96% used [0x00000000e0e00000,0x00000000e15b24b0,0x00000000e1600000)
  to   space 6656K, 0% used [0x00000000e1600000,0x00000000e1600000,0x00000000e1c80000)
 ParOldGen       total 51200K, used 10458K [0x0000000080000000, 0x0000000083200000, 0x00000000d5580000)
  object space 51200K, 20% used [0x0000000080000000,0x0000000080a368c8,0x0000000083200000)
 Metaspace       used 29962K, capacity 30862K, committed 30976K, reserved 1077248K
  class space    used 3533K, capacity 3778K, committed 3840K, reserved 1048576K
GC Heap History (10 events):
Event: 2.953 GC heap before
{Heap before GC invocations=6 (full 0):
 PSYoungGen      total 53248K, used 53221K [0x00000000d5580000, 0x00000000dc280000, 0x0000000100000000)
  eden space 49152K, 100% used [0x00000000d5580000,0x00000000d8580000,0x00000000d8580000)
  from space 4096K, 99% used [0x00000000d8580000,0x00000000d8979660,0x00000000d8980000)
  to   space 6656K, 0% used [0x00000000dbc00000,0x00000000dbc00000,0x00000000dc280000)
 ParOldGen       total 65536K, used 3509K [0x0000000080000000, 0x0000000084000000, 0x00000000d5580000)
  object space 65536K, 5% used [0x0000000080000000,0x000000008036d688,0x0000000084000000)
 Metaspace       used 16816K, capacity 17024K, committed 17280K, reserved 1064960K
  class space    used 1798K, capacity 1908K, committed 1920K, reserved 1048576K
Event: 2.961 GC heap after
Heap after GC invocations=6 (full 0):
 PSYoungGen      total 103936K, used 6635K [0x00000000d5580000, 0x00000000dc480000, 0x0000000100000000)
  eden space 97280K, 0% used [0x00000000d5580000,0x00000000d5580000,0x00000000db480000)
  from space 6656K, 99% used [0x00000000dbc00000,0x00000000dc27af38,0x00000000dc280000)
  to   space 7680K, 0% used [0x00000000db480000,0x00000000db480000,0x00000000dbc00000)
 ParOldGen       total 65536K, used 3597K [0x0000000080000000, 0x0000000084000000, 0x00000000d5580000)
  object space 65536K, 5% used [0x0000000080000000,0x0000000080383608,0x0000000084000000)
 Metaspace       used 16816K, capacity 17024K, committed 17280K, reserved 1064960K
  class space    used 1798K, capacity 1908K, committed 1920K, reserved 1048576K
}
Event: 3.978 GC heap before
{Heap before GC invocations=7 (full 0):
 PSYoungGen      total 103936K, used 77852K [0x00000000d5580000, 0x00000000dc480000, 0x0000000100000000)
  eden space 97280K, 73% used [0x00000000d5580000,0x00000000d9b0c4b8,0x00000000db480000)
  from space 6656K, 99% used [0x00000000dbc00000,0x00000000dc27af38,0x00000000dc280000)
  to   space 7680K, 0% used [0x00000000db480000,0x00000000db480000,0x00000000dbc00000)
 ParOldGen       total 65536K, used 3597K [0x0000000080000000, 0x0000000084000000, 0x00000000d5580000)
  object space 65536K, 5% used [0x0000000080000000,0x0000000080383608,0x0000000084000000)
 Metaspace       used 20790K, capacity 21086K, committed 21296K, reserved 1069056K
  class space    used 2303K, capacity 2427K, committed 2432K, reserved 1048576K
Event: 3.994 GC heap after
Heap after GC invocations=7 (full 0):
 PSYoungGen      total 104960K, used 7135K [0x00000000d5580000, 0x00000000e2480000, 0x0000000100000000)
  eden space 97280K, 0% used [0x00000000d5580000,0x00000000d5580000,0x00000000db480000)
  from space 7680K, 92% used [0x00000000db480000,0x00000000dbb77cc0,0x00000000dbc00000)
  to   space 8704K, 0% used [0x00000000e1c00000,0x00000000e1c00000,0x00000000e2480000)
 ParOldGen       total 65536K, used 5635K [0x0000000080000000, 0x0000000084000000, 0x00000000d5580000)
  object space 65536K, 8% used [0x0000000080000000,0x0000000080580ef0,0x0000000084000000)
 Metaspace       used 20790K, capacity 21086K, committed 21296K, reserved 1069056K
  class space    used 2303K, capacity 2427K, committed 2432K, reserved 1048576K
}
Event: 3.994 GC heap before
{Heap before GC invocations=8 (full 1):
 PSYoungGen      total 104960K, used 7135K [0x00000000d5580000, 0x00000000e2480000, 0x0000000100000000)
  eden space 97280K, 0% used [0x00000000d5580000,0x00000000d5580000,0x00000000db480000)
  from space 7680K, 92% used [0x00000000db480000,0x00000000dbb77cc0,0x00000000dbc00000)
  to   space 8704K, 0% used [0x00000000e1c00000,0x00000000e1c00000,0x00000000e2480000)
 ParOldGen       total 65536K, used 5635K [0x0000000080000000, 0x0000000084000000, 0x00000000d5580000)
  object space 65536K, 8% used [0x0000000080000000,0x0000000080580ef0,0x0000000084000000)
 Metaspace       used 20790K, capacity 21086K, committed 21296K, reserved 1069056K
  class space    used 2303K, capacity 2427K, committed 2432K, reserved 1048576K
Event: 4.059 GC heap after
Heap after GC invocations=8 (full 1):
 PSYoungGen      total 104960K, used 0K [0x00000000d5580000, 0x00000000e2480000, 0x0000000100000000)
  eden space 97280K, 0% used [0x00000000d5580000,0x00000000d5580000,0x00000000db480000)
  from space 7680K, 0% used [0x00000000db480000,0x00000000db480000,0x00000000dbc00000)
  to   space 8704K, 0% used [0x00000000e1c00000,0x00000000e1c00000,0x00000000e2480000)
 ParOldGen       total 51200K, used 10442K [0x0000000080000000, 0x0000000083200000, 0x00000000d5580000)
  object space 51200K, 20% used [0x0000000080000000,0x0000000080a328c8,0x0000000083200000)
 Metaspace       used 20790K, capacity 21086K, committed 21296K, reserved 1069056K
  class space    used 2303K, capacity 2427K, committed 2432K, reserved 1048576K
}
Event: 4.943 GC heap before
{Heap before GC invocations=9 (full 1):
 PSYoungGen      total 104960K, used 97280K [0x00000000d5580000, 0x00000000e2480000, 0x0000000100000000)
  eden space 97280K, 100% used [0x00000000d5580000,0x00000000db480000,0x00000000db480000)
  from space 7680K, 0% used [0x00000000db480000,0x00000000db480000,0x00000000dbc00000)
  to   space 8704K, 0% used [0x00000000e1c00000,0x00000000e1c00000,0x00000000e2480000)
 ParOldGen       total 51200K, used 10442K [0x0000000080000000, 0x0000000083200000, 0x00000000d5580000)
  object space 51200K, 20% used [0x0000000080000000,0x0000000080a328c8,0x0000000083200000)
 Metaspace       used 22081K, capacity 22474K, committed 22704K, reserved 1069056K
  class space    used 2425K, capacity 2546K, committed 2560K, reserved 1048576K
Event: 4.946 GC heap after
Heap after GC invocations=9 (full 1):
 PSYoungGen      total 141824K, used 2788K [0x00000000d5580000, 0x00000000e1f00000, 0x0000000100000000)
  eden space 138752K, 0% used [0x00000000d5580000,0x00000000d5580000,0x00000000ddd00000)
  from space 3072K, 90% used [0x00000000e1c00000,0x00000000e1eb9110,0x00000000e1f00000)
  to   space 8704K, 0% used [0x00000000e0e00000,0x00000000e0e00000,0x00000000e1680000)
 ParOldGen       total 51200K, used 10450K [0x0000000080000000, 0x0000000083200000, 0x00000000d5580000)
  object space 51200K, 20% used [0x0000000080000000,0x0000000080a348c8,0x0000000083200000)
 Metaspace       used 22081K, capacity 22474K, committed 22704K, reserved 1069056K
  class space    used 2425K, capacity 2546K, committed 2560K, reserved 1048576K
}
Event: 5.938 GC heap before
{Heap before GC invocations=10 (full 1):
 PSYoungGen      total 141824K, used 141540K [0x00000000d5580000, 0x00000000e1f00000, 0x0000000100000000)
  eden space 138752K, 100% used [0x00000000d5580000,0x00000000ddd00000,0x00000000ddd00000)
  from space 3072K, 90% used [0x00000000e1c00000,0x00000000e1eb9110,0x00000000e1f00000)
  to   space 8704K, 0% used [0x00000000e0e00000,0x00000000e0e00000,0x00000000e1680000)
 ParOldGen       total 51200K, used 10450K [0x0000000080000000, 0x0000000083200000, 0x00000000d5580000)
  object space 51200K, 20% used [0x0000000080000000,0x0000000080a348c8,0x0000000083200000)
 Metaspace       used 23856K, capacity 24322K, committed 24576K, reserved 1071104K
  class space    used 2654K, capacity 2778K, committed 2816K, reserved 1048576K
Event: 5.954 GC heap after
Heap after GC invocations=10 (full 1):
 PSYoungGen      total 184320K, used 7881K [0x00000000d5580000, 0x00000000e1c80000, 0x0000000100000000)
  eden space 176128K, 0% used [0x00000000d5580000,0x00000000d5580000,0x00000000e0180000)
  from space 8192K, 96% used [0x00000000e0e00000,0x00000000e15b24b0,0x00000000e1600000)
  to   space 6656K, 0% used [0x00000000e1600000,0x00000000e1600000,0x00000000e1c80000)
 ParOldGen       total 51200K, used 10458K [0x0000000080000000, 0x0000000083200000, 0x00000000d5580000)
  object space 51200K, 20% used [0x0000000080000000,0x0000000080a368c8,0x0000000083200000)
 Metaspace       used 23856K, capacity 24322K, committed 24576K, reserved 1071104K
  class space    used 2654K, capacity 2778K, committed 2816K, reserved 1048576K
}

