# JRE version: OpenJDK Runtime Environment (Zulu 8.52.0.23-CA-win64) (8.0_282-b08) (build 1.8.0_282-b08)
# Java VM: OpenJDK 64-Bit Server VM (25.282-b08 mixed mode windows-amd64 compressed oops)
Heap:
 PSYoungGen      total 177152K, used 23168K [0x00000000d5580000, 0x00000000e2600000, 0x0000000100000000)
  eden space 170496K, 9% used [0x00000000d5580000,0x00000000d65a7b88,0x00000000dfc00000)
  from space 6656K, 99% used [0x00000000e0580000,0x00000000e0bf8478,0x00000000e0c00000)
  to   space 9728K, 0% used [0x00000000dfc00000,0x00000000dfc00000,0x00000000e0580000)
 ParOldGen       total 44544K, used 17108K [0x0000000080000000, 0x0000000082b80000, 0x00000000d5580000)
  object space 44544K, 38% used [0x0000000080000000,0x00000000810b51b8,0x0000000082b80000)
 Metaspace       used 31478K, capacity 32492K, committed 32768K, reserved 1077248K
  class space    used 3722K, capacity 4007K, committed 4096K, reserved 1048576K
GC Heap History (10 events):
Event: 4.913 GC heap before
{Heap before GC invocations=9 (full 0):
 PSYoungGen      total 101888K, used 30131K [0x00000000d5580000, 0x00000000dbf80000, 0x0000000100000000)
  eden space 95232K, 25% used [0x00000000d5580000,0x00000000d6d99c20,0x00000000db280000)
  from space 6656K, 81% used [0x00000000db900000,0x00000000dbe53000,0x00000000dbf80000)
  to   space 6656K, 0% used [0x00000000db280000,0x00000000db280000,0x00000000db900000)
 ParOldGen       total 65536K, used 6046K [0x0000000080000000, 0x0000000084000000, 0x00000000d5580000)
  object space 65536K, 9% used [0x0000000080000000,0x00000000805e7988,0x0000000084000000)
 Metaspace       used 20804K, capacity 21090K, committed 21296K, reserved 1069056K
  class space    used 2308K, capacity 2429K, committed 2432K, reserved 1048576K
Event: 4.941 GC heap after
Heap after GC invocations=9 (full 0):
 PSYoungGen      total 101888K, used 4517K [0x00000000d5580000, 0x00000000df780000, 0x0000000100000000)
  eden space 95232K, 0% used [0x00000000d5580000,0x00000000d5580000,0x00000000db280000)
  from space 6656K, 67% used [0x00000000db280000,0x00000000db6e9788,0x00000000db900000)
  to   space 6656K, 0% used [0x00000000df100000,0x00000000df100000,0x00000000df780000)
 ParOldGen       total 65536K, used 6570K [0x0000000080000000, 0x0000000084000000, 0x00000000d5580000)
  object space 65536K, 10% used [0x0000000080000000,0x000000008066a998,0x0000000084000000)
 Metaspace       used 20804K, capacity 21090K, committed 21296K, reserved 1069056K
  class space    used 2308K, capacity 2429K, committed 2432K, reserved 1048576K
}
Event: 4.941 GC heap before
{Heap before GC invocations=10 (full 1):
 PSYoungGen      total 101888K, used 4517K [0x00000000d5580000, 0x00000000df780000, 0x0000000100000000)
  eden space 95232K, 0% used [0x00000000d5580000,0x00000000d5580000,0x00000000db280000)
  from space 6656K, 67% used [0x00000000db280000,0x00000000db6e9788,0x00000000db900000)
  to   space 6656K, 0% used [0x00000000df100000,0x00000000df100000,0x00000000df780000)
 ParOldGen       total 65536K, used 6570K [0x0000000080000000, 0x0000000084000000, 0x00000000d5580000)
  object space 65536K, 10% used [0x0000000080000000,0x000000008066a998,0x0000000084000000)
 Metaspace       used 20804K, capacity 21090K, committed 21296K, reserved 1069056K
  class space    used 2308K, capacity 2429K, committed 2432K, reserved 1048576K
Event: 5.012 GC heap after
Heap after GC invocations=10 (full 1):
 PSYoungGen      total 101888K, used 0K [0x00000000d5580000, 0x00000000df780000, 0x0000000100000000)
  eden space 95232K, 0% used [0x00000000d5580000,0x00000000d5580000,0x00000000db280000)
  from space 6656K, 0% used [0x00000000db280000,0x00000000db280000,0x00000000db900000)
  to   space 6656K, 0% used [0x00000000df100000,0x00000000df100000,0x00000000df780000)
 ParOldGen       total 44544K, used 8895K [0x0000000080000000, 0x0000000082b80000, 0x00000000d5580000)
  object space 44544K, 19% used [0x0000000080000000,0x00000000808afe68,0x0000000082b80000)
 Metaspace       used 20804K, capacity 21090K, committed 21296K, reserved 1069056K
  class space    used 2308K, capacity 2429K, committed 2432K, reserved 1048576K
}
Event: 6.158 GC heap before
{Heap before GC invocations=11 (full 1):
 PSYoungGen      total 101888K, used 95232K [0x00000000d5580000, 0x00000000df780000, 0x0000000100000000)
  eden space 95232K, 100% used [0x00000000d5580000,0x00000000db280000,0x00000000db280000)
  from space 6656K, 0% used [0x00000000db280000,0x00000000db280000,0x00000000db900000)
  to   space 6656K, 0% used [0x00000000df100000,0x00000000df100000,0x00000000df780000)
 ParOldGen       total 44544K, used 8895K [0x0000000080000000, 0x0000000082b80000, 0x00000000d5580000)
  object space 44544K, 19% used [0x0000000080000000,0x00000000808afe68,0x0000000082b80000)
 Metaspace       used 22102K, capacity 22474K, committed 22704K, reserved 1069056K
  class space    used 2428K, capacity 2546K, committed 2560K, reserved 1048576K
Event: 6.162 GC heap after
Heap after GC invocations=11 (full 1):
 PSYoungGen      total 132608K, used 2753K [0x00000000d5580000, 0x00000000df400000, 0x0000000100000000)
  eden space 129536K, 0% used [0x00000000d5580000,0x00000000d5580000,0x00000000dd400000)
  from space 3072K, 89% used [0x00000000df100000,0x00000000df3b05a8,0x00000000df400000)
  to   space 6656K, 0% used [0x00000000de700000,0x00000000de700000,0x00000000ded80000)
 ParOldGen       total 44544K, used 8903K [0x0000000080000000, 0x0000000082b80000, 0x00000000d5580000)
  object space 44544K, 19% used [0x0000000080000000,0x00000000808b1e68,0x0000000082b80000)
 Metaspace       used 22102K, capacity 22474K, committed 22704K, reserved 1069056K
  class space    used 2428K, capacity 2546K, committed 2560K, reserved 1048576K
}
Event: 7.424 GC heap before
{Heap before GC invocations=12 (full 1):
 PSYoungGen      total 132608K, used 132289K [0x00000000d5580000, 0x00000000df400000, 0x0000000100000000)
  eden space 129536K, 100% used [0x00000000d5580000,0x00000000dd400000,0x00000000dd400000)
  from space 3072K, 89% used [0x00000000df100000,0x00000000df3b05a8,0x00000000df400000)
  to   space 6656K, 0% used [0x00000000de700000,0x00000000de700000,0x00000000ded80000)
 ParOldGen       total 44544K, used 8903K [0x0000000080000000, 0x0000000082b80000, 0x00000000d5580000)
  object space 44544K, 19% used [0x0000000080000000,0x00000000808b1e68,0x0000000082b80000)
 Metaspace       used 23350K, capacity 23810K, committed 24064K, reserved 1071104K
  class space    used 2569K, capacity 2714K, committed 2816K, reserved 1048576K
Event: 7.438 GC heap after
Heap after GC invocations=12 (full 1):
 PSYoungGen      total 155648K, used 4937K [0x00000000d5580000, 0x00000000e0c00000, 0x0000000100000000)
  eden space 148992K, 0% used [0x00000000d5580000,0x00000000d5580000,0x00000000de700000)
  from space 6656K, 74% used [0x00000000de700000,0x00000000debd24b0,0x00000000ded80000)
  to   space 6656K, 0% used [0x00000000e0580000,0x00000000e0580000,0x00000000e0c00000)
 ParOldGen       total 44544K, used 11205K [0x0000000080000000, 0x0000000082b80000, 0x00000000d5580000)
  object space 44544K, 25% used [0x0000000080000000,0x0000000080af1798,0x0000000082b80000)
 Metaspace       used 23350K, capacity 23810K, committed 24064K, reserved 1071104K
  class space    used 2569K, capacity 2714K, committed 2816K, reserved 1048576K
}
Event: 16.322 GC heap before
{Heap before GC invocations=13 (full 1):
 PSYoungGen      total 155648K, used 153929K [0x00000000d5580000, 0x00000000e0c00000, 0x0000000100000000)
  eden space 148992K, 100% used [0x00000000d5580000,0x00000000de700000,0x00000000de700000)
  from space 6656K, 74% used [0x00000000de700000,0x00000000debd24b0,0x00000000ded80000)
  to   space 6656K, 0% used [0x00000000e0580000,0x00000000e0580000,0x00000000e0c00000)
 ParOldGen       total 44544K, used 11205K [0x0000000080000000, 0x0000000082b80000, 0x00000000d5580000)
  object space 44544K, 25% used [0x0000000080000000,0x0000000080af1798,0x0000000082b80000)
 Metaspace       used 31097K, capacity 32124K, committed 32256K, reserved 1077248K
  class space    used 3686K, capacity 3970K, committed 4096K, reserved 1048576K
Event: 16.349 GC heap after
Heap after GC invocations=13 (full 1):
 PSYoungGen      total 177152K, used 6625K [0x00000000d5580000, 0x00000000e2600000, 0x0000000100000000)
  eden space 170496K, 0% used [0x00000000d5580000,0x00000000d5580000,0x00000000dfc00000)
  from space 6656K, 99% used [0x00000000e0580000,0x00000000e0bf8478,0x00000000e0c00000)
  to   space 9728K, 0% used [0x00000000dfc00000,0x00000000dfc00000,0x00000000e0580000)
 ParOldGen       total 44544K, used 17108K [0x0000000080000000, 0x0000000082b80000, 0x00000000d5580000)
  object space 44544K, 38% used [0x0000000080000000,0x00000000810b51b8,0x0000000082b80000)
 Metaspace       used 31097K, capacity 32124K, committed 32256K, reserved 1077248K
  class space    used 3686K, capacity 3970K, committed 4096K, reserved 1048576K
}

